2021-07-22 15:42:59.037 [main] INFO  o.s.c.annotation.AnnotationConfigApplicationContext - Refreshing org.springframework.context.annotation.AnnotationConfigApplicationContext@327514f: startup date [Thu Jul 22 15:42:59 CST 2021]; root of context hierarchy
2021-07-22 15:42:59.486 [main] INFO  o.s.c.s.PostProcessorRegistrationDelegate$BeanPostProcessorChecker - Bean 'configurationPropertiesRebinderAutoConfiguration' of type [org.springframework.cloud.autoconfigure.ConfigurationPropertiesRebinderAutoConfiguration$$EnhancerBySpringCGLIB$$88784c06] is not eligible for getting processed by all BeanPostProcessors (for example: not eligible for auto-proxying)
2021-07-22 15:42:59.817 [main] INFO  c.a.otter.canal.adapter.launcher.CanalAdapterApplication - No active profile set, falling back to default profiles: default
2021-07-22 15:42:59.835 [main] INFO  o.s.b.w.s.c.AnnotationConfigServletWebServerApplicationContext - Refreshing org.springframework.boot.web.servlet.context.AnnotationConfigServletWebServerApplicationContext@5505ae1a: startup date [Thu Jul 22 15:42:59 CST 2021]; parent: org.springframework.context.annotation.AnnotationConfigApplicationContext@327514f
2021-07-22 15:43:00.406 [main] INFO  org.springframework.cloud.context.scope.GenericScope - BeanFactory id=ba9c0aec-0105-3f1f-b89e-e85c68567039
2021-07-22 15:43:00.475 [main] INFO  o.s.c.s.PostProcessorRegistrationDelegate$BeanPostProcessorChecker - Bean 'org.springframework.cloud.autoconfigure.ConfigurationPropertiesRebinderAutoConfiguration' of type [org.springframework.cloud.autoconfigure.ConfigurationPropertiesRebinderAutoConfiguration$$EnhancerBySpringCGLIB$$88784c06] is not eligible for getting processed by all BeanPostProcessors (for example: not eligible for auto-proxying)
2021-07-22 15:45:50.685 [main] INFO  o.s.c.annotation.AnnotationConfigApplicationContext - Refreshing org.springframework.context.annotation.AnnotationConfigApplicationContext@327514f: startup date [Thu Jul 22 15:45:50 CST 2021]; root of context hierarchy
2021-07-22 15:45:51.013 [main] INFO  o.s.c.s.PostProcessorRegistrationDelegate$BeanPostProcessorChecker - Bean 'configurationPropertiesRebinderAutoConfiguration' of type [org.springframework.cloud.autoconfigure.ConfigurationPropertiesRebinderAutoConfiguration$$EnhancerBySpringCGLIB$$452e8810] is not eligible for getting processed by all BeanPostProcessors (for example: not eligible for auto-proxying)
2021-07-22 15:45:51.189 [main] INFO  c.a.otter.canal.adapter.launcher.CanalAdapterApplication - No active profile set, falling back to default profiles: default
2021-07-22 15:45:51.208 [main] INFO  o.s.b.w.s.c.AnnotationConfigServletWebServerApplicationContext - Refreshing org.springframework.boot.web.servlet.context.AnnotationConfigServletWebServerApplicationContext@6cce16f4: startup date [Thu Jul 22 15:45:51 CST 2021]; parent: org.springframework.context.annotation.AnnotationConfigApplicationContext@327514f
2021-07-22 15:45:51.663 [main] INFO  org.springframework.cloud.context.scope.GenericScope - BeanFactory id=ba9c0aec-0105-3f1f-b89e-e85c68567039
2021-07-22 15:45:51.728 [main] INFO  o.s.c.s.PostProcessorRegistrationDelegate$BeanPostProcessorChecker - Bean 'org.springframework.cloud.autoconfigure.ConfigurationPropertiesRebinderAutoConfiguration' of type [org.springframework.cloud.autoconfigure.ConfigurationPropertiesRebinderAutoConfiguration$$EnhancerBySpringCGLIB$$452e8810] is not eligible for getting processed by all BeanPostProcessors (for example: not eligible for auto-proxying)
2021-07-22 15:45:52.383 [main] INFO  o.s.boot.web.embedded.tomcat.TomcatWebServer - Tomcat initialized with port(s): 8081 (http)
2021-07-22 15:45:52.451 [main] INFO  org.apache.coyote.http11.Http11NioProtocol - Initializing ProtocolHandler ["http-nio-8081"]
2021-07-22 15:45:52.462 [main] INFO  org.apache.catalina.core.StandardService - Starting service [Tomcat]
2021-07-22 15:45:52.463 [main] INFO  org.apache.catalina.core.StandardEngine - Starting Servlet Engine: Apache Tomcat/8.5.29
2021-07-22 15:45:52.488 [localhost-startStop-1] INFO  org.apache.catalina.core.AprLifecycleListener - The APR based Apache Tomcat Native library which allows optimal performance in production environments was not found on the java.library.path: [C:\Program Files (x86)\Common Files\Oracle\Java\javapath;C:\Windows\Sun\Java\bin;C:\Windows\system32;C:\Windows;C:\Program Files (x86)\NetSarang\Xshell 6\;C:\Program Files (x86)\Common Files\Oracle\Java\javapath;C:\Windows\system32;C:\Windows;C:\Windows\System32\Wbem;C:\Windows\System32\WindowsPowerShell\v1.0\;C:\Windows\System32\OpenSSH\;C:\Program Files (x86)\dotnet\;C:\Program Files\MySQL\MySQL Shell 8.0;C:\Users\Administrator\AppData\Local\Microsoft\WindowsApps;E:\Python\Python3.9\python.exe;E:\SDK\JDK8\bin;%ZOOKEEPER%\bin;C:\Program Files\JetBrains\PyCharm Community Edition 2021.1.3\bin;;C:\Program Files\JetBrains\IntelliJ IDEA Community Edition 2021.1.3\bin;;E:\Maven\apache-maven-3.6.3\bin;C:\Program Files\MySQL\MySQL Server 5.7\bin;;.]
2021-07-22 15:45:52.749 [localhost-startStop-1] INFO  o.a.catalina.core.ContainerBase.[Tomcat].[localhost].[/] - Initializing Spring embedded WebApplicationContext
2021-07-22 15:45:52.750 [localhost-startStop-1] INFO  org.springframework.web.context.ContextLoader - Root WebApplicationContext: initialization completed in 1542 ms
2021-07-22 15:45:52.930 [localhost-startStop-1] INFO  o.s.boot.web.servlet.ServletRegistrationBean - Servlet dispatcherServlet mapped to [/]
2021-07-22 15:45:52.934 [localhost-startStop-1] INFO  o.s.boot.web.servlet.FilterRegistrationBean - Mapping filter: 'characterEncodingFilter' to: [/*]
2021-07-22 15:45:52.935 [localhost-startStop-1] INFO  o.s.boot.web.servlet.FilterRegistrationBean - Mapping filter: 'hiddenHttpMethodFilter' to: [/*]
2021-07-22 15:45:52.935 [localhost-startStop-1] INFO  o.s.boot.web.servlet.FilterRegistrationBean - Mapping filter: 'httpPutFormContentFilter' to: [/*]
2021-07-22 15:45:52.936 [localhost-startStop-1] INFO  o.s.boot.web.servlet.FilterRegistrationBean - Mapping filter: 'requestContextFilter' to: [/*]
2021-07-22 15:45:53.645 [main] INFO  com.alibaba.druid.pool.DruidDataSource - {dataSource-1} inited
2021-07-22 15:45:53.865 [main] INFO  o.s.web.servlet.handler.SimpleUrlHandlerMapping - Mapped URL path [/**/favicon.ico] onto handler of type [class org.springframework.web.servlet.resource.ResourceHttpRequestHandler]
2021-07-22 15:45:54.057 [main] INFO  o.s.w.s.m.method.annotation.RequestMappingHandlerAdapter - Looking for @ControllerAdvice: org.springframework.boot.web.servlet.context.AnnotationConfigServletWebServerApplicationContext@6cce16f4: startup date [Thu Jul 22 15:45:51 GMT+08:00 2021]; parent: org.springframework.context.annotation.AnnotationConfigApplicationContext@327514f
2021-07-22 15:45:54.172 [main] INFO  o.s.w.s.m.method.annotation.RequestMappingHandlerMapping - Mapped "{[/count/{type}/{key}/{task}],methods=[GET]}" onto public java.util.Map<java.lang.String, java.lang.Object> com.alibaba.otter.canal.adapter.launcher.rest.CommonRest.count(java.lang.String,java.lang.String,java.lang.String)
2021-07-22 15:45:54.174 [main] INFO  o.s.w.s.m.method.annotation.RequestMappingHandlerMapping - Mapped "{[/count/{type}/{task}],methods=[GET]}" onto public java.util.Map<java.lang.String, java.lang.Object> com.alibaba.otter.canal.adapter.launcher.rest.CommonRest.count(java.lang.String,java.lang.String)
2021-07-22 15:45:54.175 [main] INFO  o.s.w.s.m.method.annotation.RequestMappingHandlerMapping - Mapped "{[/destinations],methods=[GET]}" onto public java.util.List<java.util.Map<java.lang.String, java.lang.String>> com.alibaba.otter.canal.adapter.launcher.rest.CommonRest.destinations()
2021-07-22 15:45:54.176 [main] INFO  o.s.w.s.m.method.annotation.RequestMappingHandlerMapping - Mapped "{[/etl/{type}/{key}/{task}],methods=[POST]}" onto public com.alibaba.otter.canal.client.adapter.support.EtlResult com.alibaba.otter.canal.adapter.launcher.rest.CommonRest.etl(java.lang.String,java.lang.String,java.lang.String,java.lang.String)
2021-07-22 15:45:54.177 [main] INFO  o.s.w.s.m.method.annotation.RequestMappingHandlerMapping - Mapped "{[/syncSwitch/{destination}],methods=[GET]}" onto public java.util.Map<java.lang.String, java.lang.String> com.alibaba.otter.canal.adapter.launcher.rest.CommonRest.etl(java.lang.String)
2021-07-22 15:45:54.179 [main] INFO  o.s.w.s.m.method.annotation.RequestMappingHandlerMapping - Mapped "{[/syncSwitch/{destination}/{status}],methods=[PUT]}" onto public com.alibaba.otter.canal.client.adapter.support.Result com.alibaba.otter.canal.adapter.launcher.rest.CommonRest.etl(java.lang.String,java.lang.String)
2021-07-22 15:45:54.180 [main] INFO  o.s.w.s.m.method.annotation.RequestMappingHandlerMapping - Mapped "{[/etl/{type}/{task}],methods=[POST]}" onto public com.alibaba.otter.canal.client.adapter.support.EtlResult com.alibaba.otter.canal.adapter.launcher.rest.CommonRest.etl(java.lang.String,java.lang.String,java.lang.String)
2021-07-22 15:45:54.185 [main] INFO  o.s.w.s.m.method.annotation.RequestMappingHandlerMapping - Mapped "{[/error]}" onto public org.springframework.http.ResponseEntity<java.util.Map<java.lang.String, java.lang.Object>> org.springframework.boot.autoconfigure.web.servlet.error.BasicErrorController.error(javax.servlet.http.HttpServletRequest)
2021-07-22 15:45:54.187 [main] INFO  o.s.w.s.m.method.annotation.RequestMappingHandlerMapping - Mapped "{[/error],produces=[text/html]}" onto public org.springframework.web.servlet.ModelAndView org.springframework.boot.autoconfigure.web.servlet.error.BasicErrorController.errorHtml(javax.servlet.http.HttpServletRequest,javax.servlet.http.HttpServletResponse)
2021-07-22 15:45:54.215 [main] INFO  o.s.web.servlet.handler.SimpleUrlHandlerMapping - Mapped URL path [/webjars/**] onto handler of type [class org.springframework.web.servlet.resource.ResourceHttpRequestHandler]
2021-07-22 15:45:54.218 [main] INFO  o.s.web.servlet.handler.SimpleUrlHandlerMapping - Mapped URL path [/**] onto handler of type [class org.springframework.web.servlet.resource.ResourceHttpRequestHandler]
2021-07-22 15:45:54.413 [main] INFO  o.s.jmx.export.annotation.AnnotationMBeanExporter - Registering beans for JMX exposure on startup
2021-07-22 15:45:54.423 [main] INFO  o.s.jmx.export.annotation.AnnotationMBeanExporter - Bean with name 'refreshScope' has been autodetected for JMX exposure
2021-07-22 15:45:54.425 [main] INFO  o.s.jmx.export.annotation.AnnotationMBeanExporter - Bean with name 'configurationPropertiesRebinder' has been autodetected for JMX exposure
2021-07-22 15:45:54.426 [main] INFO  o.s.jmx.export.annotation.AnnotationMBeanExporter - Bean with name 'environmentManager' has been autodetected for JMX exposure
2021-07-22 15:45:54.431 [main] INFO  o.s.jmx.export.annotation.AnnotationMBeanExporter - Located managed bean 'environmentManager': registering with JMX server as MBean [org.springframework.cloud.context.environment:name=environmentManager,type=EnvironmentManager]
2021-07-22 15:45:54.444 [main] INFO  o.s.jmx.export.annotation.AnnotationMBeanExporter - Located managed bean 'refreshScope': registering with JMX server as MBean [org.springframework.cloud.context.scope.refresh:name=refreshScope,type=RefreshScope]
2021-07-22 15:45:54.453 [main] INFO  o.s.jmx.export.annotation.AnnotationMBeanExporter - Located managed bean 'configurationPropertiesRebinder': registering with JMX server as MBean [org.springframework.cloud.context.properties:name=configurationPropertiesRebinder,context=6cce16f4,type=ConfigurationPropertiesRebinder]
2021-07-22 15:45:54.467 [main] INFO  c.a.o.canal.adapter.launcher.loader.CanalAdapterService - ## start the canal client adapters.
2021-07-22 15:45:54.471 [main] INFO  c.a.otter.canal.client.adapter.support.ExtensionLoader - extension classpath dir: E:\canal\canla_adopter\plugin
2021-07-22 15:45:54.604 [main] INFO  c.a.o.canal.adapter.launcher.loader.CanalAdapterLoader - Load canal adapter: logger succeed
2021-07-22 15:45:54.607 [main] INFO  c.a.otter.canal.client.adapter.rdb.config.ConfigLoader - ## Start loading rdb mapping config ... 
2021-07-22 15:45:54.645 [main] INFO  c.a.otter.canal.client.adapter.rdb.config.ConfigLoader - ## Rdb mapping config loaded
2021-07-22 15:45:54.783 [main] INFO  com.alibaba.druid.pool.DruidDataSource - {dataSource-2} inited
2021-07-22 15:45:54.789 [main] INFO  c.a.o.canal.adapter.launcher.loader.CanalAdapterLoader - Load canal adapter: rdb succeed
2021-07-22 15:45:54.810 [main] INFO  c.a.o.canal.adapter.launcher.loader.CanalAdapterLoader - Start adapter for canal instance: example succeed
2021-07-22 15:45:54.811 [Thread-5] INFO  c.a.o.canal.adapter.launcher.loader.CanalAdapterWorker - =============> Start to connect destination: example <=============
2021-07-22 15:45:54.811 [main] INFO  c.a.o.canal.adapter.launcher.loader.CanalAdapterService - ## the canal client adapters are running now ......
2021-07-22 15:45:54.818 [main] INFO  org.apache.coyote.http11.Http11NioProtocol - Starting ProtocolHandler ["http-nio-8081"]
2021-07-22 15:45:54.829 [main] INFO  org.apache.tomcat.util.net.NioSelectorPool - Using a shared selector for servlet write/read
2021-07-22 15:45:54.849 [main] INFO  o.s.boot.web.embedded.tomcat.TomcatWebServer - Tomcat started on port(s): 8081 (http) with context path ''
2021-07-22 15:45:54.854 [main] INFO  c.a.otter.canal.adapter.launcher.CanalAdapterApplication - Started CanalAdapterApplication in 4.544 seconds (JVM running for 5.021)
2021-07-22 15:45:55.002 [Thread-5] INFO  c.a.o.canal.adapter.launcher.loader.CanalAdapterWorker - =============> Start to subscribe destination: example <=============
2021-07-22 15:45:55.061 [Thread-5] INFO  c.a.o.canal.adapter.launcher.loader.CanalAdapterWorker - =============> Subscribe destination: example succeed <=============
2021-07-22 15:50:10.718 [main] INFO  o.s.c.annotation.AnnotationConfigApplicationContext - Refreshing org.springframework.context.annotation.AnnotationConfigApplicationContext@327514f: startup date [Thu Jul 22 15:50:10 CST 2021]; root of context hierarchy
2021-07-22 15:50:11.042 [main] INFO  o.s.c.s.PostProcessorRegistrationDelegate$BeanPostProcessorChecker - Bean 'configurationPropertiesRebinderAutoConfiguration' of type [org.springframework.cloud.autoconfigure.ConfigurationPropertiesRebinderAutoConfiguration$$EnhancerBySpringCGLIB$$452e8810] is not eligible for getting processed by all BeanPostProcessors (for example: not eligible for auto-proxying)
2021-07-22 15:50:11.228 [main] INFO  c.a.otter.canal.adapter.launcher.CanalAdapterApplication - No active profile set, falling back to default profiles: default
2021-07-22 15:50:11.247 [main] INFO  o.s.b.w.s.c.AnnotationConfigServletWebServerApplicationContext - Refreshing org.springframework.boot.web.servlet.context.AnnotationConfigServletWebServerApplicationContext@6cce16f4: startup date [Thu Jul 22 15:50:11 CST 2021]; parent: org.springframework.context.annotation.AnnotationConfigApplicationContext@327514f
2021-07-22 15:50:11.728 [main] INFO  org.springframework.cloud.context.scope.GenericScope - BeanFactory id=ba9c0aec-0105-3f1f-b89e-e85c68567039
2021-07-22 15:50:11.797 [main] INFO  o.s.c.s.PostProcessorRegistrationDelegate$BeanPostProcessorChecker - Bean 'org.springframework.cloud.autoconfigure.ConfigurationPropertiesRebinderAutoConfiguration' of type [org.springframework.cloud.autoconfigure.ConfigurationPropertiesRebinderAutoConfiguration$$EnhancerBySpringCGLIB$$452e8810] is not eligible for getting processed by all BeanPostProcessors (for example: not eligible for auto-proxying)
2021-07-22 15:50:12.462 [main] INFO  o.s.boot.web.embedded.tomcat.TomcatWebServer - Tomcat initialized with port(s): 8081 (http)
2021-07-22 15:50:12.475 [main] INFO  org.apache.coyote.http11.Http11NioProtocol - Initializing ProtocolHandler ["http-nio-8081"]
2021-07-22 15:50:12.485 [main] INFO  org.apache.catalina.core.StandardService - Starting service [Tomcat]
2021-07-22 15:50:12.485 [main] INFO  org.apache.catalina.core.StandardEngine - Starting Servlet Engine: Apache Tomcat/8.5.29
2021-07-22 15:50:12.494 [localhost-startStop-1] INFO  org.apache.catalina.core.AprLifecycleListener - The APR based Apache Tomcat Native library which allows optimal performance in production environments was not found on the java.library.path: [C:\Program Files (x86)\Common Files\Oracle\Java\javapath;C:\Windows\Sun\Java\bin;C:\Windows\system32;C:\Windows;C:\Program Files (x86)\NetSarang\Xshell 6\;C:\Program Files (x86)\Common Files\Oracle\Java\javapath;C:\Windows\system32;C:\Windows;C:\Windows\System32\Wbem;C:\Windows\System32\WindowsPowerShell\v1.0\;C:\Windows\System32\OpenSSH\;C:\Program Files (x86)\dotnet\;C:\Program Files\MySQL\MySQL Shell 8.0;C:\Users\Administrator\AppData\Local\Microsoft\WindowsApps;E:\Python\Python3.9\python.exe;E:\SDK\JDK8\bin;%ZOOKEEPER%\bin;C:\Program Files\JetBrains\PyCharm Community Edition 2021.1.3\bin;;C:\Program Files\JetBrains\IntelliJ IDEA Community Edition 2021.1.3\bin;;E:\Maven\apache-maven-3.6.3\bin;C:\Program Files\MySQL\MySQL Server 5.7\bin;;.]
2021-07-22 15:50:12.603 [localhost-startStop-1] INFO  o.a.catalina.core.ContainerBase.[Tomcat].[localhost].[/] - Initializing Spring embedded WebApplicationContext
2021-07-22 15:50:12.604 [localhost-startStop-1] INFO  org.springframework.web.context.ContextLoader - Root WebApplicationContext: initialization completed in 1357 ms
2021-07-22 15:50:12.747 [localhost-startStop-1] INFO  o.s.boot.web.servlet.ServletRegistrationBean - Servlet dispatcherServlet mapped to [/]
2021-07-22 15:50:12.752 [localhost-startStop-1] INFO  o.s.boot.web.servlet.FilterRegistrationBean - Mapping filter: 'characterEncodingFilter' to: [/*]
2021-07-22 15:50:12.752 [localhost-startStop-1] INFO  o.s.boot.web.servlet.FilterRegistrationBean - Mapping filter: 'hiddenHttpMethodFilter' to: [/*]
2021-07-22 15:50:12.753 [localhost-startStop-1] INFO  o.s.boot.web.servlet.FilterRegistrationBean - Mapping filter: 'httpPutFormContentFilter' to: [/*]
2021-07-22 15:50:12.753 [localhost-startStop-1] INFO  o.s.boot.web.servlet.FilterRegistrationBean - Mapping filter: 'requestContextFilter' to: [/*]
2021-07-22 15:50:13.244 [main] INFO  com.alibaba.druid.pool.DruidDataSource - {dataSource-1} inited
2021-07-22 15:50:13.366 [main] INFO  o.s.web.servlet.handler.SimpleUrlHandlerMapping - Mapped URL path [/**/favicon.ico] onto handler of type [class org.springframework.web.servlet.resource.ResourceHttpRequestHandler]
2021-07-22 15:50:13.532 [main] INFO  o.s.w.s.m.method.annotation.RequestMappingHandlerAdapter - Looking for @ControllerAdvice: org.springframework.boot.web.servlet.context.AnnotationConfigServletWebServerApplicationContext@6cce16f4: startup date [Thu Jul 22 15:50:11 GMT+08:00 2021]; parent: org.springframework.context.annotation.AnnotationConfigApplicationContext@327514f
2021-07-22 15:50:13.597 [main] INFO  o.s.w.s.m.method.annotation.RequestMappingHandlerMapping - Mapped "{[/count/{type}/{key}/{task}],methods=[GET]}" onto public java.util.Map<java.lang.String, java.lang.Object> com.alibaba.otter.canal.adapter.launcher.rest.CommonRest.count(java.lang.String,java.lang.String,java.lang.String)
2021-07-22 15:50:13.601 [main] INFO  o.s.w.s.m.method.annotation.RequestMappingHandlerMapping - Mapped "{[/count/{type}/{task}],methods=[GET]}" onto public java.util.Map<java.lang.String, java.lang.Object> com.alibaba.otter.canal.adapter.launcher.rest.CommonRest.count(java.lang.String,java.lang.String)
2021-07-22 15:50:13.602 [main] INFO  o.s.w.s.m.method.annotation.RequestMappingHandlerMapping - Mapped "{[/destinations],methods=[GET]}" onto public java.util.List<java.util.Map<java.lang.String, java.lang.String>> com.alibaba.otter.canal.adapter.launcher.rest.CommonRest.destinations()
2021-07-22 15:50:13.603 [main] INFO  o.s.w.s.m.method.annotation.RequestMappingHandlerMapping - Mapped "{[/etl/{type}/{key}/{task}],methods=[POST]}" onto public com.alibaba.otter.canal.client.adapter.support.EtlResult com.alibaba.otter.canal.adapter.launcher.rest.CommonRest.etl(java.lang.String,java.lang.String,java.lang.String,java.lang.String)
2021-07-22 15:50:13.604 [main] INFO  o.s.w.s.m.method.annotation.RequestMappingHandlerMapping - Mapped "{[/syncSwitch/{destination}],methods=[GET]}" onto public java.util.Map<java.lang.String, java.lang.String> com.alibaba.otter.canal.adapter.launcher.rest.CommonRest.etl(java.lang.String)
2021-07-22 15:50:13.605 [main] INFO  o.s.w.s.m.method.annotation.RequestMappingHandlerMapping - Mapped "{[/syncSwitch/{destination}/{status}],methods=[PUT]}" onto public com.alibaba.otter.canal.client.adapter.support.Result com.alibaba.otter.canal.adapter.launcher.rest.CommonRest.etl(java.lang.String,java.lang.String)
2021-07-22 15:50:13.606 [main] INFO  o.s.w.s.m.method.annotation.RequestMappingHandlerMapping - Mapped "{[/etl/{type}/{task}],methods=[POST]}" onto public com.alibaba.otter.canal.client.adapter.support.EtlResult com.alibaba.otter.canal.adapter.launcher.rest.CommonRest.etl(java.lang.String,java.lang.String,java.lang.String)
2021-07-22 15:50:13.609 [main] INFO  o.s.w.s.m.method.annotation.RequestMappingHandlerMapping - Mapped "{[/error]}" onto public org.springframework.http.ResponseEntity<java.util.Map<java.lang.String, java.lang.Object>> org.springframework.boot.autoconfigure.web.servlet.error.BasicErrorController.error(javax.servlet.http.HttpServletRequest)
2021-07-22 15:50:13.611 [main] INFO  o.s.w.s.m.method.annotation.RequestMappingHandlerMapping - Mapped "{[/error],produces=[text/html]}" onto public org.springframework.web.servlet.ModelAndView org.springframework.boot.autoconfigure.web.servlet.error.BasicErrorController.errorHtml(javax.servlet.http.HttpServletRequest,javax.servlet.http.HttpServletResponse)
2021-07-22 15:50:13.638 [main] INFO  o.s.web.servlet.handler.SimpleUrlHandlerMapping - Mapped URL path [/webjars/**] onto handler of type [class org.springframework.web.servlet.resource.ResourceHttpRequestHandler]
2021-07-22 15:50:13.639 [main] INFO  o.s.web.servlet.handler.SimpleUrlHandlerMapping - Mapped URL path [/**] onto handler of type [class org.springframework.web.servlet.resource.ResourceHttpRequestHandler]
2021-07-22 15:50:13.818 [main] INFO  o.s.jmx.export.annotation.AnnotationMBeanExporter - Registering beans for JMX exposure on startup
2021-07-22 15:50:13.826 [main] INFO  o.s.jmx.export.annotation.AnnotationMBeanExporter - Bean with name 'refreshScope' has been autodetected for JMX exposure
2021-07-22 15:50:13.828 [main] INFO  o.s.jmx.export.annotation.AnnotationMBeanExporter - Bean with name 'configurationPropertiesRebinder' has been autodetected for JMX exposure
2021-07-22 15:50:13.829 [main] INFO  o.s.jmx.export.annotation.AnnotationMBeanExporter - Bean with name 'environmentManager' has been autodetected for JMX exposure
2021-07-22 15:50:13.834 [main] INFO  o.s.jmx.export.annotation.AnnotationMBeanExporter - Located managed bean 'environmentManager': registering with JMX server as MBean [org.springframework.cloud.context.environment:name=environmentManager,type=EnvironmentManager]
2021-07-22 15:50:13.846 [main] INFO  o.s.jmx.export.annotation.AnnotationMBeanExporter - Located managed bean 'refreshScope': registering with JMX server as MBean [org.springframework.cloud.context.scope.refresh:name=refreshScope,type=RefreshScope]
2021-07-22 15:50:13.857 [main] INFO  o.s.jmx.export.annotation.AnnotationMBeanExporter - Located managed bean 'configurationPropertiesRebinder': registering with JMX server as MBean [org.springframework.cloud.context.properties:name=configurationPropertiesRebinder,context=6cce16f4,type=ConfigurationPropertiesRebinder]
2021-07-22 15:50:13.873 [main] INFO  c.a.o.canal.adapter.launcher.loader.CanalAdapterService - ## start the canal client adapters.
2021-07-22 15:50:13.875 [main] INFO  c.a.otter.canal.client.adapter.support.ExtensionLoader - extension classpath dir: E:\canal\canla_adopter\plugin
2021-07-22 15:50:13.894 [main] INFO  c.a.o.canal.adapter.launcher.loader.CanalAdapterLoader - Load canal adapter: logger succeed
2021-07-22 15:50:13.898 [main] INFO  c.a.otter.canal.client.adapter.rdb.config.ConfigLoader - ## Start loading rdb mapping config ... 
2021-07-22 15:50:13.932 [main] INFO  c.a.otter.canal.client.adapter.rdb.config.ConfigLoader - ## Rdb mapping config loaded
2021-07-22 15:50:13.984 [main] INFO  com.alibaba.druid.pool.DruidDataSource - {dataSource-2} inited
2021-07-22 15:50:13.991 [main] INFO  c.a.o.canal.adapter.launcher.loader.CanalAdapterLoader - Load canal adapter: rdb succeed
2021-07-22 15:50:13.998 [main] INFO  c.a.o.canal.adapter.launcher.loader.CanalAdapterLoader - Start adapter for canal instance: example succeed
2021-07-22 15:50:13.998 [main] INFO  c.a.o.canal.adapter.launcher.loader.CanalAdapterService - ## the canal client adapters are running now ......
2021-07-22 15:50:13.999 [Thread-5] INFO  c.a.o.canal.adapter.launcher.loader.CanalAdapterWorker - =============> Start to connect destination: example <=============
2021-07-22 15:50:14.005 [main] INFO  org.apache.coyote.http11.Http11NioProtocol - Starting ProtocolHandler ["http-nio-8081"]
2021-07-22 15:50:14.011 [main] INFO  org.apache.tomcat.util.net.NioSelectorPool - Using a shared selector for servlet write/read
2021-07-22 15:50:14.029 [main] INFO  o.s.boot.web.embedded.tomcat.TomcatWebServer - Tomcat started on port(s): 8081 (http) with context path ''
2021-07-22 15:50:14.035 [main] INFO  c.a.otter.canal.adapter.launcher.CanalAdapterApplication - Started CanalAdapterApplication in 3.695 seconds (JVM running for 4.152)
2021-07-22 15:50:14.108 [Thread-5] INFO  c.a.o.canal.adapter.launcher.loader.CanalAdapterWorker - =============> Start to subscribe destination: example <=============
2021-07-22 15:50:14.169 [Thread-5] INFO  c.a.o.canal.adapter.launcher.loader.CanalAdapterWorker - =============> Subscribe destination: example succeed <=============
2021-07-22 15:54:10.418 [Thread-3] INFO  c.a.o.canal.adapter.launcher.loader.CanalAdapterService - ## stop the canal client adapters
2021-07-22 15:54:10.421 [pool-9-thread-1] INFO  c.a.o.canal.adapter.launcher.loader.CanalAdapterWorker - destination example is waiting for adapters' worker thread die!
2021-07-22 15:54:10.732 [Thread-5] INFO  c.a.o.canal.adapter.launcher.loader.CanalAdapterWorker - =============> Disconnect destination: example <=============
2021-07-22 15:54:10.733 [pool-9-thread-1] INFO  c.a.o.canal.adapter.launcher.loader.CanalAdapterWorker - destination example adapters worker thread dead!
2021-07-22 15:54:11.095 [pool-9-thread-1] INFO  com.alibaba.druid.pool.DruidDataSource - {dataSource-2} closed
2021-07-22 15:54:11.095 [pool-9-thread-1] INFO  c.a.o.canal.adapter.launcher.loader.CanalAdapterWorker - destination example all adapters destroyed!
2021-07-22 15:54:11.096 [Thread-3] INFO  c.a.o.canal.adapter.launcher.loader.CanalAdapterLoader - All canal adapters destroyed
2021-07-22 15:54:11.096 [Thread-3] INFO  com.alibaba.druid.pool.DruidDataSource - {dataSource-1} closed
2021-07-22 15:54:11.097 [Thread-3] INFO  c.a.o.canal.adapter.launcher.loader.CanalAdapterService - ## canal client adapters are down.
2021-07-22 15:54:11.132 [Thread-3] INFO  o.s.c.annotation.AnnotationConfigApplicationContext - Refreshing org.springframework.context.annotation.AnnotationConfigApplicationContext@735a091b: startup date [Thu Jul 22 15:54:11 GMT+08:00 2021]; root of context hierarchy
2021-07-22 15:54:11.173 [Thread-3] INFO  o.s.c.s.PostProcessorRegistrationDelegate$BeanPostProcessorChecker - Bean 'configurationPropertiesRebinderAutoConfiguration' of type [org.springframework.cloud.autoconfigure.ConfigurationPropertiesRebinderAutoConfiguration$$EnhancerBySpringCGLIB$$452e8810] is not eligible for getting processed by all BeanPostProcessors (for example: not eligible for auto-proxying)
2021-07-22 15:54:11.299 [Thread-3] INFO  org.springframework.boot.SpringApplication - No active profile set, falling back to default profiles: default
2021-07-22 15:54:11.315 [Thread-3] INFO  o.s.c.annotation.AnnotationConfigApplicationContext - Refreshing org.springframework.context.annotation.AnnotationConfigApplicationContext@2490afdd: startup date [Thu Jul 22 15:54:11 GMT+08:00 2021]; parent: org.springframework.context.annotation.AnnotationConfigApplicationContext@735a091b
2021-07-22 15:54:11.362 [Thread-3] INFO  org.springframework.boot.SpringApplication - Started application in 0.264 seconds (JVM running for 241.479)
2021-07-22 15:54:11.367 [Thread-3] INFO  o.s.c.annotation.AnnotationConfigApplicationContext - Closing org.springframework.context.annotation.AnnotationConfigApplicationContext@2490afdd: startup date [Thu Jul 22 15:54:11 GMT+08:00 2021]; parent: org.springframework.context.annotation.AnnotationConfigApplicationContext@735a091b
2021-07-22 15:54:11.373 [Thread-3] INFO  o.s.c.annotation.AnnotationConfigApplicationContext - Closing org.springframework.context.annotation.AnnotationConfigApplicationContext@735a091b: startup date [Thu Jul 22 15:54:11 GMT+08:00 2021]; root of context hierarchy
2021-07-22 15:54:11.435 [Thread-3] INFO  com.alibaba.druid.pool.DruidDataSource - {dataSource-3} inited
2021-07-22 15:54:13.442 [Thread-3] INFO  c.a.o.canal.adapter.launcher.loader.CanalAdapterService - ## start the canal client adapters.
2021-07-22 15:54:13.444 [Thread-3] INFO  c.a.o.canal.adapter.launcher.loader.CanalAdapterLoader - Load canal adapter: logger succeed
2021-07-22 15:54:13.455 [Thread-3] INFO  c.a.otter.canal.client.adapter.rdb.config.ConfigLoader - ## Start loading rdb mapping config ... 
2021-07-22 15:54:13.517 [Thread-3] INFO  c.a.otter.canal.client.adapter.rdb.config.ConfigLoader - ## Rdb mapping config loaded
2021-07-22 15:54:13.578 [Thread-3] INFO  com.alibaba.druid.pool.DruidDataSource - {dataSource-4} inited
2021-07-22 15:54:13.579 [Thread-3] INFO  c.a.o.canal.adapter.launcher.loader.CanalAdapterLoader - Load canal adapter: rdb succeed
2021-07-22 15:54:13.580 [Thread-3] INFO  c.a.o.canal.adapter.launcher.loader.CanalAdapterLoader - Start adapter for canal instance: example succeed
2021-07-22 15:54:13.580 [Thread-3] INFO  c.a.o.canal.adapter.launcher.loader.CanalAdapterService - ## the canal client adapters are running now ......
2021-07-22 15:54:13.580 [Thread-10] INFO  c.a.o.canal.adapter.launcher.loader.CanalAdapterWorker - =============> Start to connect destination: example <=============
2021-07-22 15:54:13.580 [Thread-3] INFO  c.a.o.c.a.launcher.monitor.ApplicationConfigMonitor - ## adapter application config reloaded.
2021-07-22 15:54:13.751 [Thread-10] INFO  c.a.o.canal.adapter.launcher.loader.CanalAdapterWorker - =============> Start to subscribe destination: example <=============
2021-07-22 15:54:13.767 [Thread-10] INFO  c.a.o.canal.adapter.launcher.loader.CanalAdapterWorker - =============> Subscribe destination: example succeed <=============
2021-07-22 15:54:13.965 [pool-16-thread-1] INFO  c.a.o.canal.client.adapter.logger.LoggerAdapterExample - DML: {"data":[{"ID":1,"Name":"2222","CountryCode":"AFG","District":"Kabol","Population":1780000}],"database":"world","destination":"example","es":1626683971000,"groupId":null,"isDdl":false,"old":[{"Name":"ddddd"}],"pkNames":["ID"],"sql":"","table":"city","ts":1626940453822,"type":"UPDATE"}
2021-07-22 15:54:13.965 [pool-16-thread-1] INFO  c.a.o.canal.client.adapter.logger.LoggerAdapterExample - DML: {"data":[{"ID":1,"Name":"22221","CountryCode":"AFG","District":"Kabol","Population":1780000}],"database":"world","destination":"example","es":1626684855000,"groupId":null,"isDdl":false,"old":[{"Name":"2222"}],"pkNames":["ID"],"sql":"","table":"city","ts":1626940453823,"type":"UPDATE"}
2021-07-22 15:54:13.966 [pool-16-thread-1] INFO  c.a.o.canal.client.adapter.logger.LoggerAdapterExample - DML: {"data":[{"ID":1,"Name":"123456","CountryCode":"AFG","District":"Kabol","Population":1780000}],"database":"world","destination":"example","es":1626745829000,"groupId":null,"isDdl":false,"old":[{"Name":"22221"}],"pkNames":["ID"],"sql":"","table":"city","ts":1626940453823,"type":"UPDATE"}
2021-07-22 15:54:13.966 [pool-16-thread-1] INFO  c.a.o.canal.client.adapter.logger.LoggerAdapterExample - DML: {"data":[{"ID":1,"Name":"2131231","CountryCode":"AFG","District":"Kabol","Population":1780000}],"database":"world","destination":"example","es":1626746301000,"groupId":null,"isDdl":false,"old":[{"Name":"123456"}],"pkNames":["ID"],"sql":"","table":"city","ts":1626940453823,"type":"UPDATE"}
2021-07-22 15:54:13.967 [pool-16-thread-1] INFO  c.a.o.canal.client.adapter.logger.LoggerAdapterExample - DML: {"data":[{"ID":1,"Name":"99999111","CountryCode":"AFG","District":"Kabol","Population":1780000}],"database":"world","destination":"example","es":1626747186000,"groupId":null,"isDdl":false,"old":[{"Name":"2131231"}],"pkNames":["ID"],"sql":"","table":"city","ts":1626940453823,"type":"UPDATE"}
2021-07-22 15:54:13.967 [pool-16-thread-1] INFO  c.a.o.canal.client.adapter.logger.LoggerAdapterExample - DML: {"data":[{"ID":1,"Name":"aaaaa","CountryCode":"AFG","District":"Kabol","Population":1780000}],"database":"world","destination":"example","es":1626747186000,"groupId":null,"isDdl":false,"old":[{"Name":"99999111"}],"pkNames":["ID"],"sql":"","table":"city","ts":1626940453823,"type":"UPDATE"}
2021-07-22 15:54:13.968 [pool-16-thread-1] INFO  c.a.o.canal.client.adapter.logger.LoggerAdapterExample - DML: {"data":[{"id":1681,"person_id":1868,"is_check":"1","bill_date":"2018-05-01","start_date":"2018-05-01","end_date":"2018-05-31","bill_create_date":1626939988000,"emp_id":null,"bill_price":7900.0,"standard_price":7900.0,"deposit_price":0.0,"provisional_price":0.0,"collection_price":0.0,"afk_price":null,"remak":null,"create_time":1527756170000,"update_time":1527756170000,"delflag":0,"institution_id":1002,"creater_id":1009,"is_try_bill":null,"is_settlement":null,"countDay":"31","reduceDay":0,"is_recheck":1}],"database":"xex_plus","destination":"example","es":1626939988000,"groupId":null,"isDdl":false,"old":[{"is_check":"2","bill_create_date":1589340040000}],"pkNames":["id"],"sql":"","table":"bill","ts":1626940453823,"type":"UPDATE"}
2021-07-22 15:54:13.979 [pool-16-thread-1] INFO  c.a.o.canal.client.adapter.logger.LoggerAdapterExample - DML: {"data":[{"id":1810,"person_base_id":70961,"institution_id":1002,"date_source":null,"xbx_id":null,"settlement_date":1533086296000,"register_date":1533086297000,"care_level_id":1152,"food_level_id":34,"bed_id":null,"transactor":null,"check_in_time":1526313600000,"leave_transactor":null,"leave_time":1566835200000,"leave_reason":"合同到期","evaluate_for_person":"5","type":1,"this_city":1,"check_in_type":6,"statue":1,"card_flag":0,"card_no":"77028d24","make_time":null,"delflag":0,"create_time":1602999019000,"update_time":1626940103000,"appointment_name":null,"relation":null,"oppointment_identity":null,"oppointment_phone":null,"opointment_time":1526313600000,"room_id":null,"is_private_room":1,"leave_type":1,"try_begin_date":null,"try_end_date":null,"try_fee":0.0,"team_id":null,"is_settlement":1,"food_price":100.0,"bed_price":2000.0,"nurse_price":2520.0,"person_type":null,"settlement_balance":-73740.76,"evaluate_statue":null,"is_guarantees":0,"agency_id":null,"public_person_id":null,"service_state":null,"joru_type":null,"attachment":"/fpng/2019325/www-1553502711960.png","identity_accessory":"/fpng/2019325/www-1553502689512.png","addresss_accessory":"","receipt_accessory":null,"subsidy_id":0,"is_xj":null,"is_smoke":null,"is_long_term_care":0,"three_evaluate_level":null,"ltc_subsidy_standard":null,"is_outpatient":0,"medical_record_number":"0100200002","review_status":0,"mall_member_id":null,"diagnose_category":null,"diagnose_ids":null,"diagnose_names":null,"diagnose_time":null,"orderState":1,"face_data":"/fpng/2019529/www-1559117408756.png","face_width":null,"face_height":null,"face_seq":497,"new_care_level_id":null,"support_call_review":0,"is_disabled":0,"is_vip":null,"vip_type":0,"deposit_price":null,"work_type":0,"work_status":"0","is_complete_meal":0,"attachment2":null,"attachment3":null,"attachment4":null,"file_number":"","out_limit":"2","bill_date":null,"mental_state":null,"is_return":null,"is_rent":null,"meal_location":null,"is_owe":"1","is_emp":"1","zip_address":null,"otherPersonId":null,"temperature":null,"service_ids":null,"service_names":null,"sale_id":null,"is_jdlk":0,"by_type":null,"attachmentsn":null,"ins_order_type":0,"remark":null,"sign_start_date":null,"sign_end_date":null,"difficulty_elderly":1,"is_help_meal":0,"is_purpose_sign":0,"census_type":0,"social_or_difficulty":null,"mz_bed_no":null,"memo":null,"evaluation_level":1,"record_video_status":0,"wx_open_id":null,"is_allocated":0,"person_bed_id":null,"person_bed_htype":null,"person_bed_assess_inst_id":null,"person_bed_assess_inst_name":null,"person_bed_level":null,"person_bed_assessment_type":null,"person_bed_status":null,"person_bed_assess_id":null,"food_address_region_code":null,"food_apply_state":0,"has_monitor":0,"is_check_in_order":0}],"database":"xex_plus","destination":"example","es":1626940103000,"groupId":null,"isDdl":false,"old":[{"person_base_id":7096,"update_time":1617081521000}],"pkNames":["id"],"sql":"","table":"person","ts":1626940453864,"type":"UPDATE"}
2021-07-22 15:54:13.981 [pool-16-thread-1] INFO  c.a.o.canal.client.adapter.logger.LoggerAdapterExample - DML: {"data":[{"id":999,"person_base_id":999,"institution_id":111,"date_source":"0","xbx_id":null,"settlement_date":1566463067000,"register_date":1564379948000,"care_level_id":null,"food_level_id":null,"bed_id":null,"transactor":null,"check_in_time":1554706179000,"leave_transactor":null,"leave_time":null,"leave_reason":null,"evaluate_for_person":null,"type":4,"this_city":null,"check_in_type":3,"statue":null,"card_flag":null,"card_no":null,"make_time":null,"delflag":0,"create_time":1554706179000,"update_time":1626940105000,"appointment_name":null,"relation":null,"oppointment_identity":null,"oppointment_phone":null,"opointment_time":1554706179000,"room_id":null,"is_private_room":null,"leave_type":null,"try_begin_date":null,"try_end_date":null,"try_fee":0.0,"team_id":null,"is_settlement":null,"food_price":0.0,"bed_price":0.0,"nurse_price":0.0,"person_type":null,"settlement_balance":null,"evaluate_statue":null,"is_guarantees":0,"agency_id":null,"public_person_id":null,"service_state":null,"joru_type":null,"attachment":null,"identity_accessory":null,"addresss_accessory":null,"receipt_accessory":null,"subsidy_id":0,"is_xj":null,"is_smoke":null,"is_long_term_care":0,"three_evaluate_level":null,"ltc_subsidy_standard":null,"is_outpatient":0,"medical_record_number":null,"review_status":0,"mall_member_id":null,"diagnose_category":null,"diagnose_ids":null,"diagnose_names":null,"diagnose_time":null,"orderState":0,"face_data":null,"face_width":null,"face_height":null,"face_seq":null,"new_care_level_id":null,"support_call_review":0,"is_disabled":0,"is_vip":null,"vip_type":0,"deposit_price":null,"work_type":0,"work_status":"0","is_complete_meal":0,"attachment2":null,"attachment3":null,"attachment4":null,"file_number":"","out_limit":"2","bill_date":null,"mental_state":null,"is_return":null,"is_rent":null,"meal_location":null,"is_owe":"1","is_emp":"1","zip_address":null,"otherPersonId":null,"temperature":null,"service_ids":null,"service_names":null,"sale_id":null,"is_jdlk":0,"by_type":null,"attachmentsn":null,"ins_order_type":0,"remark":null,"sign_start_date":null,"sign_end_date":null,"difficulty_elderly":1,"is_help_meal":0,"is_purpose_sign":0,"census_type":0,"social_or_difficulty":null,"mz_bed_no":null,"memo":null,"evaluation_level":4,"record_video_status":0,"wx_open_id":null,"is_allocated":0,"person_bed_id":null,"person_bed_htype":null,"person_bed_assess_inst_id":null,"person_bed_assess_inst_name":null,"person_bed_level":null,"person_bed_assessment_type":null,"person_bed_status":null,"person_bed_assess_id":null,"food_address_region_code":null,"food_apply_state":0,"has_monitor":0,"is_check_in_order":0}],"database":"xex_plus","destination":"example","es":1626940105000,"groupId":null,"isDdl":false,"old":[{"institution_id":null,"update_time":1617081521000}],"pkNames":["id"],"sql":"","table":"person","ts":1626940453867,"type":"UPDATE"}
2021-07-22 15:54:13.982 [pool-16-thread-1] INFO  c.a.o.canal.client.adapter.logger.LoggerAdapterExample - DML: {"data":[{"id":999,"person_base_id":999,"institution_id":11,"date_source":"0","xbx_id":null,"settlement_date":1566463067000,"register_date":1564379948000,"care_level_id":null,"food_level_id":null,"bed_id":null,"transactor":null,"check_in_time":1554706179000,"leave_transactor":null,"leave_time":null,"leave_reason":null,"evaluate_for_person":null,"type":4,"this_city":null,"check_in_type":3,"statue":null,"card_flag":null,"card_no":null,"make_time":null,"delflag":0,"create_time":1554706179000,"update_time":1626940222000,"appointment_name":null,"relation":null,"oppointment_identity":null,"oppointment_phone":null,"opointment_time":1554706179000,"room_id":null,"is_private_room":null,"leave_type":null,"try_begin_date":null,"try_end_date":null,"try_fee":0.0,"team_id":null,"is_settlement":null,"food_price":0.0,"bed_price":0.0,"nurse_price":0.0,"person_type":null,"settlement_balance":null,"evaluate_statue":null,"is_guarantees":0,"agency_id":null,"public_person_id":null,"service_state":null,"joru_type":null,"attachment":null,"identity_accessory":null,"addresss_accessory":null,"receipt_accessory":null,"subsidy_id":0,"is_xj":null,"is_smoke":null,"is_long_term_care":0,"three_evaluate_level":null,"ltc_subsidy_standard":null,"is_outpatient":0,"medical_record_number":null,"review_status":0,"mall_member_id":null,"diagnose_category":null,"diagnose_ids":null,"diagnose_names":null,"diagnose_time":null,"orderState":0,"face_data":null,"face_width":null,"face_height":null,"face_seq":null,"new_care_level_id":null,"support_call_review":0,"is_disabled":0,"is_vip":null,"vip_type":0,"deposit_price":null,"work_type":0,"work_status":"0","is_complete_meal":0,"attachment2":null,"attachment3":null,"attachment4":null,"file_number":"","out_limit":"2","bill_date":null,"mental_state":null,"is_return":null,"is_rent":null,"meal_location":null,"is_owe":"1","is_emp":"1","zip_address":null,"otherPersonId":null,"temperature":null,"service_ids":null,"service_names":null,"sale_id":null,"is_jdlk":0,"by_type":null,"attachmentsn":null,"ins_order_type":0,"remark":null,"sign_start_date":null,"sign_end_date":null,"difficulty_elderly":1,"is_help_meal":0,"is_purpose_sign":0,"census_type":0,"social_or_difficulty":null,"mz_bed_no":null,"memo":null,"evaluation_level":4,"record_video_status":0,"wx_open_id":null,"is_allocated":0,"person_bed_id":null,"person_bed_htype":null,"person_bed_assess_inst_id":null,"person_bed_assess_inst_name":null,"person_bed_level":null,"person_bed_assessment_type":null,"person_bed_status":null,"person_bed_assess_id":null,"food_address_region_code":null,"food_apply_state":0,"has_monitor":0,"is_check_in_order":0}],"database":"xex_plus","destination":"example","es":1626940222000,"groupId":null,"isDdl":false,"old":[{"institution_id":111,"update_time":1626940105000}],"pkNames":["id"],"sql":"","table":"person","ts":1626940453868,"type":"UPDATE"}
2021-07-22 15:54:13.982 [pool-16-thread-1] INFO  c.a.o.canal.client.adapter.logger.LoggerAdapterExample - DML: {"data":[{"id":1681,"person_id":1868,"is_check":"111","bill_date":"2018-05-01","start_date":"2018-05-01","end_date":"2018-05-31","bill_create_date":1626940229000,"emp_id":null,"bill_price":7900.0,"standard_price":7900.0,"deposit_price":0.0,"provisional_price":0.0,"collection_price":0.0,"afk_price":null,"remak":null,"create_time":1527756170000,"update_time":1527756170000,"delflag":0,"institution_id":1002,"creater_id":1009,"is_try_bill":null,"is_settlement":null,"countDay":"31","reduceDay":0,"is_recheck":1}],"database":"xex_plus","destination":"example","es":1626940229000,"groupId":null,"isDdl":false,"old":[{"is_check":"1","bill_create_date":1626939988000}],"pkNames":["id"],"sql":"","table":"bill","ts":1626940453870,"type":"UPDATE"}
2021-07-22 15:54:14.035 [pool-11-thread-1] DEBUG c.a.o.canal.client.adapter.rdb.service.RdbSyncService - DML: {"data":{"id":1681,"person_id":1868,"is_check":"1","bill_date":"2018-05-01","start_date":"2018-05-01","end_date":"2018-05-31","bill_create_date":1626939988000,"emp_id":null,"bill_price":7900.0,"standard_price":7900.0,"deposit_price":0.0,"provisional_price":0.0,"collection_price":0.0,"afk_price":null,"remak":null,"create_time":1527756170000,"update_time":1527756170000,"delflag":0,"institution_id":1002,"creater_id":1009,"is_try_bill":null,"is_settlement":null,"countDay":"31","reduceDay":0,"is_recheck":1},"database":"xex_plus","destination":"example","old":{"is_check":"2","bill_create_date":1589340040000},"table":"bill","type":"UPDATE"}
2021-07-22 15:54:14.055 [pool-11-thread-1] DEBUG c.a.o.canal.client.adapter.rdb.service.RdbSyncService - DML: {"data":{"id":1681,"person_id":1868,"is_check":"111","bill_date":"2018-05-01","start_date":"2018-05-01","end_date":"2018-05-31","bill_create_date":1626940229000,"emp_id":null,"bill_price":7900.0,"standard_price":7900.0,"deposit_price":0.0,"provisional_price":0.0,"collection_price":0.0,"afk_price":null,"remak":null,"create_time":1527756170000,"update_time":1527756170000,"delflag":0,"institution_id":1002,"creater_id":1009,"is_try_bill":null,"is_settlement":null,"countDay":"31","reduceDay":0,"is_recheck":1},"database":"xex_plus","destination":"example","old":{"is_check":"1","bill_create_date":1626939988000},"table":"bill","type":"UPDATE"}
2021-07-22 15:55:07.621 [Thread-9] INFO  c.a.o.canal.client.adapter.rdb.monitor.RdbConfigMonitor - Change a rdb mapping config: mytest_user.yml of canal adapter
2021-07-22 15:55:52.104 [main] INFO  o.s.c.annotation.AnnotationConfigApplicationContext - Refreshing org.springframework.context.annotation.AnnotationConfigApplicationContext@327514f: startup date [Thu Jul 22 15:55:52 CST 2021]; root of context hierarchy
2021-07-22 15:55:52.462 [main] INFO  o.s.c.s.PostProcessorRegistrationDelegate$BeanPostProcessorChecker - Bean 'configurationPropertiesRebinderAutoConfiguration' of type [org.springframework.cloud.autoconfigure.ConfigurationPropertiesRebinderAutoConfiguration$$EnhancerBySpringCGLIB$$452e8810] is not eligible for getting processed by all BeanPostProcessors (for example: not eligible for auto-proxying)
2021-07-22 15:55:52.694 [main] INFO  c.a.otter.canal.adapter.launcher.CanalAdapterApplication - No active profile set, falling back to default profiles: default
2021-07-22 15:55:52.711 [main] INFO  o.s.b.w.s.c.AnnotationConfigServletWebServerApplicationContext - Refreshing org.springframework.boot.web.servlet.context.AnnotationConfigServletWebServerApplicationContext@6cce16f4: startup date [Thu Jul 22 15:55:52 CST 2021]; parent: org.springframework.context.annotation.AnnotationConfigApplicationContext@327514f
2021-07-22 15:55:53.312 [main] INFO  org.springframework.cloud.context.scope.GenericScope - BeanFactory id=ba9c0aec-0105-3f1f-b89e-e85c68567039
2021-07-22 15:55:53.387 [main] INFO  o.s.c.s.PostProcessorRegistrationDelegate$BeanPostProcessorChecker - Bean 'org.springframework.cloud.autoconfigure.ConfigurationPropertiesRebinderAutoConfiguration' of type [org.springframework.cloud.autoconfigure.ConfigurationPropertiesRebinderAutoConfiguration$$EnhancerBySpringCGLIB$$452e8810] is not eligible for getting processed by all BeanPostProcessors (for example: not eligible for auto-proxying)
2021-07-22 15:55:54.145 [main] INFO  o.s.boot.web.embedded.tomcat.TomcatWebServer - Tomcat initialized with port(s): 8081 (http)
2021-07-22 15:55:54.160 [main] INFO  org.apache.coyote.http11.Http11NioProtocol - Initializing ProtocolHandler ["http-nio-8081"]
2021-07-22 15:55:54.172 [main] INFO  org.apache.catalina.core.StandardService - Starting service [Tomcat]
2021-07-22 15:55:54.173 [main] INFO  org.apache.catalina.core.StandardEngine - Starting Servlet Engine: Apache Tomcat/8.5.29
2021-07-22 15:55:54.185 [localhost-startStop-1] INFO  org.apache.catalina.core.AprLifecycleListener - The APR based Apache Tomcat Native library which allows optimal performance in production environments was not found on the java.library.path: [C:\Program Files (x86)\Common Files\Oracle\Java\javapath;C:\Windows\Sun\Java\bin;C:\Windows\system32;C:\Windows;C:\Program Files (x86)\NetSarang\Xshell 6\;C:\Program Files (x86)\Common Files\Oracle\Java\javapath;C:\Windows\system32;C:\Windows;C:\Windows\System32\Wbem;C:\Windows\System32\WindowsPowerShell\v1.0\;C:\Windows\System32\OpenSSH\;C:\Program Files (x86)\dotnet\;C:\Program Files\MySQL\MySQL Shell 8.0;C:\Users\Administrator\AppData\Local\Microsoft\WindowsApps;E:\Python\Python3.9\python.exe;E:\SDK\JDK8\bin;%ZOOKEEPER%\bin;C:\Program Files\JetBrains\PyCharm Community Edition 2021.1.3\bin;;C:\Program Files\JetBrains\IntelliJ IDEA Community Edition 2021.1.3\bin;;E:\Maven\apache-maven-3.6.3\bin;C:\Program Files\MySQL\MySQL Server 5.7\bin;;.]
2021-07-22 15:55:54.294 [localhost-startStop-1] INFO  o.a.catalina.core.ContainerBase.[Tomcat].[localhost].[/] - Initializing Spring embedded WebApplicationContext
2021-07-22 15:55:54.294 [localhost-startStop-1] INFO  org.springframework.web.context.ContextLoader - Root WebApplicationContext: initialization completed in 1583 ms
2021-07-22 15:55:54.460 [localhost-startStop-1] INFO  o.s.boot.web.servlet.ServletRegistrationBean - Servlet dispatcherServlet mapped to [/]
2021-07-22 15:55:54.464 [localhost-startStop-1] INFO  o.s.boot.web.servlet.FilterRegistrationBean - Mapping filter: 'characterEncodingFilter' to: [/*]
2021-07-22 15:55:54.465 [localhost-startStop-1] INFO  o.s.boot.web.servlet.FilterRegistrationBean - Mapping filter: 'hiddenHttpMethodFilter' to: [/*]
2021-07-22 15:55:54.465 [localhost-startStop-1] INFO  o.s.boot.web.servlet.FilterRegistrationBean - Mapping filter: 'httpPutFormContentFilter' to: [/*]
2021-07-22 15:55:54.465 [localhost-startStop-1] INFO  o.s.boot.web.servlet.FilterRegistrationBean - Mapping filter: 'requestContextFilter' to: [/*]
2021-07-22 15:55:55.000 [main] INFO  com.alibaba.druid.pool.DruidDataSource - {dataSource-1} inited
2021-07-22 15:55:55.155 [main] INFO  o.s.web.servlet.handler.SimpleUrlHandlerMapping - Mapped URL path [/**/favicon.ico] onto handler of type [class org.springframework.web.servlet.resource.ResourceHttpRequestHandler]
2021-07-22 15:55:55.349 [main] INFO  o.s.w.s.m.method.annotation.RequestMappingHandlerAdapter - Looking for @ControllerAdvice: org.springframework.boot.web.servlet.context.AnnotationConfigServletWebServerApplicationContext@6cce16f4: startup date [Thu Jul 22 15:55:52 GMT+08:00 2021]; parent: org.springframework.context.annotation.AnnotationConfigApplicationContext@327514f
2021-07-22 15:55:55.468 [main] INFO  o.s.w.s.m.method.annotation.RequestMappingHandlerMapping - Mapped "{[/count/{type}/{key}/{task}],methods=[GET]}" onto public java.util.Map<java.lang.String, java.lang.Object> com.alibaba.otter.canal.adapter.launcher.rest.CommonRest.count(java.lang.String,java.lang.String,java.lang.String)
2021-07-22 15:55:55.472 [main] INFO  o.s.w.s.m.method.annotation.RequestMappingHandlerMapping - Mapped "{[/count/{type}/{task}],methods=[GET]}" onto public java.util.Map<java.lang.String, java.lang.Object> com.alibaba.otter.canal.adapter.launcher.rest.CommonRest.count(java.lang.String,java.lang.String)
2021-07-22 15:55:55.476 [main] INFO  o.s.w.s.m.method.annotation.RequestMappingHandlerMapping - Mapped "{[/destinations],methods=[GET]}" onto public java.util.List<java.util.Map<java.lang.String, java.lang.String>> com.alibaba.otter.canal.adapter.launcher.rest.CommonRest.destinations()
2021-07-22 15:55:55.477 [main] INFO  o.s.w.s.m.method.annotation.RequestMappingHandlerMapping - Mapped "{[/etl/{type}/{key}/{task}],methods=[POST]}" onto public com.alibaba.otter.canal.client.adapter.support.EtlResult com.alibaba.otter.canal.adapter.launcher.rest.CommonRest.etl(java.lang.String,java.lang.String,java.lang.String,java.lang.String)
2021-07-22 15:55:55.480 [main] INFO  o.s.w.s.m.method.annotation.RequestMappingHandlerMapping - Mapped "{[/syncSwitch/{destination}],methods=[GET]}" onto public java.util.Map<java.lang.String, java.lang.String> com.alibaba.otter.canal.adapter.launcher.rest.CommonRest.etl(java.lang.String)
2021-07-22 15:55:55.483 [main] INFO  o.s.w.s.m.method.annotation.RequestMappingHandlerMapping - Mapped "{[/syncSwitch/{destination}/{status}],methods=[PUT]}" onto public com.alibaba.otter.canal.client.adapter.support.Result com.alibaba.otter.canal.adapter.launcher.rest.CommonRest.etl(java.lang.String,java.lang.String)
2021-07-22 15:55:55.484 [main] INFO  o.s.w.s.m.method.annotation.RequestMappingHandlerMapping - Mapped "{[/etl/{type}/{task}],methods=[POST]}" onto public com.alibaba.otter.canal.client.adapter.support.EtlResult com.alibaba.otter.canal.adapter.launcher.rest.CommonRest.etl(java.lang.String,java.lang.String,java.lang.String)
2021-07-22 15:55:55.492 [main] INFO  o.s.w.s.m.method.annotation.RequestMappingHandlerMapping - Mapped "{[/error]}" onto public org.springframework.http.ResponseEntity<java.util.Map<java.lang.String, java.lang.Object>> org.springframework.boot.autoconfigure.web.servlet.error.BasicErrorController.error(javax.servlet.http.HttpServletRequest)
2021-07-22 15:55:55.494 [main] INFO  o.s.w.s.m.method.annotation.RequestMappingHandlerMapping - Mapped "{[/error],produces=[text/html]}" onto public org.springframework.web.servlet.ModelAndView org.springframework.boot.autoconfigure.web.servlet.error.BasicErrorController.errorHtml(javax.servlet.http.HttpServletRequest,javax.servlet.http.HttpServletResponse)
2021-07-22 15:55:55.531 [main] INFO  o.s.web.servlet.handler.SimpleUrlHandlerMapping - Mapped URL path [/webjars/**] onto handler of type [class org.springframework.web.servlet.resource.ResourceHttpRequestHandler]
2021-07-22 15:55:55.532 [main] INFO  o.s.web.servlet.handler.SimpleUrlHandlerMapping - Mapped URL path [/**] onto handler of type [class org.springframework.web.servlet.resource.ResourceHttpRequestHandler]
2021-07-22 15:55:55.792 [main] INFO  o.s.jmx.export.annotation.AnnotationMBeanExporter - Registering beans for JMX exposure on startup
2021-07-22 15:55:55.801 [main] INFO  o.s.jmx.export.annotation.AnnotationMBeanExporter - Bean with name 'refreshScope' has been autodetected for JMX exposure
2021-07-22 15:55:55.804 [main] INFO  o.s.jmx.export.annotation.AnnotationMBeanExporter - Bean with name 'configurationPropertiesRebinder' has been autodetected for JMX exposure
2021-07-22 15:55:55.807 [main] INFO  o.s.jmx.export.annotation.AnnotationMBeanExporter - Bean with name 'environmentManager' has been autodetected for JMX exposure
2021-07-22 15:55:55.811 [main] INFO  o.s.jmx.export.annotation.AnnotationMBeanExporter - Located managed bean 'environmentManager': registering with JMX server as MBean [org.springframework.cloud.context.environment:name=environmentManager,type=EnvironmentManager]
2021-07-22 15:55:55.823 [main] INFO  o.s.jmx.export.annotation.AnnotationMBeanExporter - Located managed bean 'refreshScope': registering with JMX server as MBean [org.springframework.cloud.context.scope.refresh:name=refreshScope,type=RefreshScope]
2021-07-22 15:55:55.834 [main] INFO  o.s.jmx.export.annotation.AnnotationMBeanExporter - Located managed bean 'configurationPropertiesRebinder': registering with JMX server as MBean [org.springframework.cloud.context.properties:name=configurationPropertiesRebinder,context=6cce16f4,type=ConfigurationPropertiesRebinder]
2021-07-22 15:55:55.848 [main] INFO  c.a.o.canal.adapter.launcher.loader.CanalAdapterService - ## start the canal client adapters.
2021-07-22 15:55:55.850 [main] INFO  c.a.otter.canal.client.adapter.support.ExtensionLoader - extension classpath dir: E:\canal\canla_adopter\plugin
2021-07-22 15:55:55.887 [main] INFO  c.a.o.canal.adapter.launcher.loader.CanalAdapterLoader - Load canal adapter: logger succeed
2021-07-22 15:55:55.890 [main] INFO  c.a.otter.canal.client.adapter.rdb.config.ConfigLoader - ## Start loading rdb mapping config ... 
2021-07-22 15:55:55.934 [main] INFO  c.a.otter.canal.client.adapter.rdb.config.ConfigLoader - ## Rdb mapping config loaded
2021-07-22 15:55:56.018 [main] INFO  com.alibaba.druid.pool.DruidDataSource - {dataSource-2} inited
2021-07-22 15:55:56.024 [main] INFO  c.a.o.canal.adapter.launcher.loader.CanalAdapterLoader - Load canal adapter: rdb succeed
2021-07-22 15:55:56.031 [main] INFO  c.a.o.canal.adapter.launcher.loader.CanalAdapterLoader - Start adapter for canal instance: example succeed
2021-07-22 15:55:56.031 [Thread-5] INFO  c.a.o.canal.adapter.launcher.loader.CanalAdapterWorker - =============> Start to connect destination: example <=============
2021-07-22 15:55:56.031 [main] INFO  c.a.o.canal.adapter.launcher.loader.CanalAdapterService - ## the canal client adapters are running now ......
2021-07-22 15:55:56.039 [main] INFO  org.apache.coyote.http11.Http11NioProtocol - Starting ProtocolHandler ["http-nio-8081"]
2021-07-22 15:55:56.046 [main] INFO  org.apache.tomcat.util.net.NioSelectorPool - Using a shared selector for servlet write/read
2021-07-22 15:55:56.059 [main] INFO  o.s.boot.web.embedded.tomcat.TomcatWebServer - Tomcat started on port(s): 8081 (http) with context path ''
2021-07-22 15:55:56.066 [main] INFO  c.a.otter.canal.adapter.launcher.CanalAdapterApplication - Started CanalAdapterApplication in 4.375 seconds (JVM running for 4.893)
2021-07-22 15:55:56.092 [Thread-5] INFO  c.a.o.canal.adapter.launcher.loader.CanalAdapterWorker - =============> Start to subscribe destination: example <=============
2021-07-22 15:55:56.097 [Thread-5] INFO  c.a.o.canal.adapter.launcher.loader.CanalAdapterWorker - =============> Subscribe destination: example succeed <=============
2021-07-22 15:56:04.760 [pool-8-thread-1] INFO  c.a.o.canal.client.adapter.logger.LoggerAdapterExample - DML: {"data":[{"id":1681,"person_id":1868,"is_check":"1","bill_date":"2018-05-01","start_date":"2018-05-01","end_date":"2018-05-31","bill_create_date":1626940564000,"emp_id":null,"bill_price":7900.0,"standard_price":7900.0,"deposit_price":0.0,"provisional_price":0.0,"collection_price":0.0,"afk_price":null,"remak":null,"create_time":1527756170000,"update_time":1527756170000,"delflag":0,"institution_id":1002,"creater_id":1009,"is_try_bill":null,"is_settlement":null,"countDay":"31","reduceDay":0,"is_recheck":1}],"database":"xex_plus","destination":"example","es":1626940564000,"groupId":null,"isDdl":false,"old":[{"is_check":"111","bill_create_date":1626940229000}],"pkNames":["id"],"sql":"","table":"bill","ts":1626940564660,"type":"UPDATE"}
2021-07-22 15:56:04.810 [pool-3-thread-1] DEBUG c.a.o.canal.client.adapter.rdb.service.RdbSyncService - DML: {"data":{"id":1681,"person_id":1868,"is_check":"1","bill_date":"2018-05-01","start_date":"2018-05-01","end_date":"2018-05-31","bill_create_date":1626940564000,"emp_id":null,"bill_price":7900.0,"standard_price":7900.0,"deposit_price":0.0,"provisional_price":0.0,"collection_price":0.0,"afk_price":null,"remak":null,"create_time":1527756170000,"update_time":1527756170000,"delflag":0,"institution_id":1002,"creater_id":1009,"is_try_bill":null,"is_settlement":null,"countDay":"31","reduceDay":0,"is_recheck":1},"database":"xex_plus","destination":"example","old":{"is_check":"111","bill_create_date":1626940229000},"table":"bill","type":"UPDATE"}
